2017-06-19T19:54:45+08:00 [WARN] Bit shift by negative number (at line 82 in file /home/wwwroot/Pyramid/Component/Route/Route.php)
2017-06-19T19:54:49+08:00 [WARN] Warning Declaration of Pyramid\Component\HttpFoundation\RedirectResponse::create($url, $time = 0, $content = '', $headers = Array) should be compatible with Pyramid\Component\HttpFoundation\Response::create($content = '', $status = 200, $headers = Array, $statusText = NULL) (at line 11 in file /home/wwwroot/Pyramid/Component/HttpFoundation/RedirectResponse.php)
2017-06-19T19:55:28+08:00 [INFO] register a user success: array (
  'username' => 'test',
  'password' => '$S$431e767eac635914b12466212aecc6f2ba54209b4039dd1e0317e17553d5a',
  'uuid' => 'fb4b91ec-6ea3-4fd9-8302-2d4b777abec4',
  'status' => 1,
  'updated' => 1497873328,
  'created' => 1497873328,
  'nickname' => 'test',
  'uid' => '2',
)
2017-06-19T19:56:16+08:00 [WARN] Warning Declaration of Pyramid\Component\HttpFoundation\RedirectResponse::create($url, $time = 0, $content = '', $headers = Array) should be compatible with Pyramid\Component\HttpFoundation\Response::create($content = '', $status = 200, $headers = Array, $statusText = NULL) (at line 11 in file /home/wwwroot/Pyramid/Component/HttpFoundation/RedirectResponse.php)
2017-06-19T19:56:34+08:00 [WARN] Warning Declaration of Pyramid\Component\HttpFoundation\RedirectResponse::create($url, $time = 0, $content = '', $headers = Array) should be compatible with Pyramid\Component\HttpFoundation\Response::create($content = '', $status = 200, $headers = Array, $statusText = NULL) (at line 11 in file /home/wwwroot/Pyramid/Component/HttpFoundation/RedirectResponse.php)
2017-06-19T19:57:19+08:00 [WARN] Warning Declaration of Pyramid\Component\HttpFoundation\RedirectResponse::create($url, $time = 0, $content = '', $headers = Array) should be compatible with Pyramid\Component\HttpFoundation\Response::create($content = '', $status = 200, $headers = Array, $statusText = NULL) (at line 11 in file /home/wwwroot/Pyramid/Component/HttpFoundation/RedirectResponse.php)
2017-06-19T19:57:23+08:00 [WARN] Warning array_multisort(): Argument #1 is expected to be an array or a sort flag (at line 59 in file /home/wwwroot/hyhh/Application/Admin/Snake/Snake.php)
2017-06-19T19:57:23+08:00 [WARN] Warning Invalid argument supplied for foreach() (at line 39 in file /home/wwwroot/hyhh/theme/admin/snake-top.html)
2017-06-19T19:58:02+08:00 [WARN] Warning Declaration of Pyramid\Component\HttpFoundation\RedirectResponse::create($url, $time = 0, $content = '', $headers = Array) should be compatible with Pyramid\Component\HttpFoundation\Response::create($content = '', $status = 200, $headers = Array, $statusText = NULL) (at line 11 in file /home/wwwroot/Pyramid/Component/HttpFoundation/RedirectResponse.php)
2017-06-19T19:58:19+08:00 [WARN] Warning Declaration of Pyramid\Component\HttpFoundation\RedirectResponse::create($url, $time = 0, $content = '', $headers = Array) should be compatible with Pyramid\Component\HttpFoundation\Response::create($content = '', $status = 200, $headers = Array, $statusText = NULL) (at line 11 in file /home/wwwroot/Pyramid/Component/HttpFoundation/RedirectResponse.php)
2017-06-19T19:58:39+08:00 [WARN] Warning Declaration of Pyramid\Component\HttpFoundation\RedirectResponse::create($url, $time = 0, $content = '', $headers = Array) should be compatible with Pyramid\Component\HttpFoundation\Response::create($content = '', $status = 200, $headers = Array, $statusText = NULL) (at line 11 in file /home/wwwroot/Pyramid/Component/HttpFoundation/RedirectResponse.php)
2017-06-19T20:09:33+08:00 [WARN] Warning Declaration of Pyramid\Component\HttpFoundation\RedirectResponse::create($url, $time = 0, $content = '', $headers = Array) should be compatible with Pyramid\Component\HttpFoundation\Response::create($content = '', $status = 200, $headers = Array, $statusText = NULL) (at line 11 in file /home/wwwroot/Pyramid/Component/HttpFoundation/RedirectResponse.php)
2017-06-19T20:09:40+08:00 [WARN] Warning Declaration of Pyramid\Component\HttpFoundation\RedirectResponse::create($url, $time = 0, $content = '', $headers = Array) should be compatible with Pyramid\Component\HttpFoundation\Response::create($content = '', $status = 200, $headers = Array, $statusText = NULL) (at line 11 in file /home/wwwroot/Pyramid/Component/HttpFoundation/RedirectResponse.php)
2017-06-19T20:15:43+08:00 [WARN] Warning Declaration of Pyramid\Component\HttpFoundation\RedirectResponse::create($url, $time = 0, $content = '', $headers = Array) should be compatible with Pyramid\Component\HttpFoundation\Response::create($content = '', $status = 200, $headers = Array, $statusText = NULL) (at line 11 in file /home/wwwroot/Pyramid/Component/HttpFoundation/RedirectResponse.php)
2017-06-19T20:16:48+08:00 [WARN] Warning Declaration of Pyramid\Component\HttpFoundation\RedirectResponse::create($url, $time = 0, $content = '', $headers = Array) should be compatible with Pyramid\Component\HttpFoundation\Response::create($content = '', $status = 200, $headers = Array, $statusText = NULL) (at line 11 in file /home/wwwroot/Pyramid/Component/HttpFoundation/RedirectResponse.php)
2017-06-19T20:17:24+08:00 [WARN] Warning mkdir(): File exists (at line 262 in file /home/wwwroot/hyhh/Application/Admin/User/User.php)
2017-06-19T20:24:17+08:00 [WARN] Warning Declaration of Pyramid\Component\HttpFoundation\RedirectResponse::create($url, $time = 0, $content = '', $headers = Array) should be compatible with Pyramid\Component\HttpFoundation\Response::create($content = '', $status = 200, $headers = Array, $statusText = NULL) (at line 11 in file /home/wwwroot/Pyramid/Component/HttpFoundation/RedirectResponse.php)
2017-06-19T20:29:45+08:00 [WARN] Warning Declaration of Pyramid\Component\HttpFoundation\RedirectResponse::create($url, $time = 0, $content = '', $headers = Array) should be compatible with Pyramid\Component\HttpFoundation\Response::create($content = '', $status = 200, $headers = Array, $statusText = NULL) (at line 11 in file /home/wwwroot/Pyramid/Component/HttpFoundation/RedirectResponse.php)
2017-06-19T20:29:50+08:00 [WARN] Warning Declaration of Pyramid\Component\HttpFoundation\RedirectResponse::create($url, $time = 0, $content = '', $headers = Array) should be compatible with Pyramid\Component\HttpFoundation\Response::create($content = '', $status = 200, $headers = Array, $statusText = NULL) (at line 11 in file /home/wwwroot/Pyramid/Component/HttpFoundation/RedirectResponse.php)
2017-06-19T20:30:52+08:00 [WARN] Warning Declaration of Pyramid\Component\HttpFoundation\RedirectResponse::create($url, $time = 0, $content = '', $headers = Array) should be compatible with Pyramid\Component\HttpFoundation\Response::create($content = '', $status = 200, $headers = Array, $statusText = NULL) (at line 11 in file /home/wwwroot/Pyramid/Component/HttpFoundation/RedirectResponse.php)
2017-06-19T20:32:09+08:00 [WARN] Warning Declaration of Pyramid\Component\HttpFoundation\RedirectResponse::create($url, $time = 0, $content = '', $headers = Array) should be compatible with Pyramid\Component\HttpFoundation\Response::create($content = '', $status = 200, $headers = Array, $statusText = NULL) (at line 11 in file /home/wwwroot/Pyramid/Component/HttpFoundation/RedirectResponse.php)
2017-06-19T20:32:12+08:00 [WARN] Warning mkdir(): File exists (at line 262 in file /home/wwwroot/hyhh/Application/Admin/User/User.php)
2017-06-19T20:32:23+08:00 [WARN] Warning Declaration of Pyramid\Component\HttpFoundation\RedirectResponse::create($url, $time = 0, $content = '', $headers = Array) should be compatible with Pyramid\Component\HttpFoundation\Response::create($content = '', $status = 200, $headers = Array, $statusText = NULL) (at line 11 in file /home/wwwroot/Pyramid/Component/HttpFoundation/RedirectResponse.php)
2017-06-19T20:32:29+08:00 [WARN] Warning mkdir(): File exists (at line 262 in file /home/wwwroot/hyhh/Application/Admin/User/User.php)
2017-06-19T20:32:45+08:00 [WARN] Warning Declaration of Pyramid\Component\HttpFoundation\RedirectResponse::create($url, $time = 0, $content = '', $headers = Array) should be compatible with Pyramid\Component\HttpFoundation\Response::create($content = '', $status = 200, $headers = Array, $statusText = NULL) (at line 11 in file /home/wwwroot/Pyramid/Component/HttpFoundation/RedirectResponse.php)
2017-06-19T20:58:11+08:00 [WARN] Warning Declaration of Pyramid\Component\HttpFoundation\RedirectResponse::create($url, $time = 0, $content = '', $headers = Array) should be compatible with Pyramid\Component\HttpFoundation\Response::create($content = '', $status = 200, $headers = Array, $statusText = NULL) (at line 11 in file /home/wwwroot/Pyramid/Component/HttpFoundation/RedirectResponse.php)
2017-06-19T21:05:22+08:00 [WARN] Bit shift by negative number (at line 82 in file /home/wwwroot/Pyramid/Component/Route/Route.php)
2017-06-19T21:34:06+08:00 [WARN] Warning Declaration of Pyramid\Component\HttpFoundation\RedirectResponse::create($url, $time = 0, $content = '', $headers = Array) should be compatible with Pyramid\Component\HttpFoundation\Response::create($content = '', $status = 200, $headers = Array, $statusText = NULL) (at line 11 in file /home/wwwroot/Pyramid/Component/HttpFoundation/RedirectResponse.php)
2017-06-19T21:34:11+08:00 [WARN] Warning Declaration of Pyramid\Component\HttpFoundation\RedirectResponse::create($url, $time = 0, $content = '', $headers = Array) should be compatible with Pyramid\Component\HttpFoundation\Response::create($content = '', $status = 200, $headers = Array, $statusText = NULL) (at line 11 in file /home/wwwroot/Pyramid/Component/HttpFoundation/RedirectResponse.php)
2017-06-19T21:34:12+08:00 [WARN] Warning Declaration of Pyramid\Component\HttpFoundation\RedirectResponse::create($url, $time = 0, $content = '', $headers = Array) should be compatible with Pyramid\Component\HttpFoundation\Response::create($content = '', $status = 200, $headers = Array, $statusText = NULL) (at line 11 in file /home/wwwroot/Pyramid/Component/HttpFoundation/RedirectResponse.php)
2017-06-19T21:34:14+08:00 [WARN] Warning Declaration of Pyramid\Component\HttpFoundation\RedirectResponse::create($url, $time = 0, $content = '', $headers = Array) should be compatible with Pyramid\Component\HttpFoundation\Response::create($content = '', $status = 200, $headers = Array, $statusText = NULL) (at line 11 in file /home/wwwroot/Pyramid/Component/HttpFoundation/RedirectResponse.php)
2017-06-19T21:34:15+08:00 [WARN] Warning Declaration of Pyramid\Component\HttpFoundation\RedirectResponse::create($url, $time = 0, $content = '', $headers = Array) should be compatible with Pyramid\Component\HttpFoundation\Response::create($content = '', $status = 200, $headers = Array, $statusText = NULL) (at line 11 in file /home/wwwroot/Pyramid/Component/HttpFoundation/RedirectResponse.php)
2017-06-19T21:34:31+08:00 [WARN] Warning Declaration of Pyramid\Component\HttpFoundation\RedirectResponse::create($url, $time = 0, $content = '', $headers = Array) should be compatible with Pyramid\Component\HttpFoundation\Response::create($content = '', $status = 200, $headers = Array, $statusText = NULL) (at line 11 in file /home/wwwroot/Pyramid/Component/HttpFoundation/RedirectResponse.php)
2017-06-19T21:34:37+08:00 [WARN] Warning Declaration of Pyramid\Component\HttpFoundation\RedirectResponse::create($url, $time = 0, $content = '', $headers = Array) should be compatible with Pyramid\Component\HttpFoundation\Response::create($content = '', $status = 200, $headers = Array, $statusText = NULL) (at line 11 in file /home/wwwroot/Pyramid/Component/HttpFoundation/RedirectResponse.php)
2017-06-19T21:34:38+08:00 [WARN] Warning Declaration of Pyramid\Component\HttpFoundation\RedirectResponse::create($url, $time = 0, $content = '', $headers = Array) should be compatible with Pyramid\Component\HttpFoundation\Response::create($content = '', $status = 200, $headers = Array, $statusText = NULL) (at line 11 in file /home/wwwroot/Pyramid/Component/HttpFoundation/RedirectResponse.php)
2017-06-19T21:35:24+08:00 [WARN] Warning Declaration of Pyramid\Component\HttpFoundation\RedirectResponse::create($url, $time = 0, $content = '', $headers = Array) should be compatible with Pyramid\Component\HttpFoundation\Response::create($content = '', $status = 200, $headers = Array, $statusText = NULL) (at line 11 in file /home/wwwroot/Pyramid/Component/HttpFoundation/RedirectResponse.php)
2017-06-19T21:35:32+08:00 [WARN] Warning Declaration of Pyramid\Component\HttpFoundation\RedirectResponse::create($url, $time = 0, $content = '', $headers = Array) should be compatible with Pyramid\Component\HttpFoundation\Response::create($content = '', $status = 200, $headers = Array, $statusText = NULL) (at line 11 in file /home/wwwroot/Pyramid/Component/HttpFoundation/RedirectResponse.php)
2017-06-19T21:36:15+08:00 [WARN] Warning Declaration of Pyramid\Component\HttpFoundation\RedirectResponse::create($url, $time = 0, $content = '', $headers = Array) should be compatible with Pyramid\Component\HttpFoundation\Response::create($content = '', $status = 200, $headers = Array, $statusText = NULL) (at line 11 in file /home/wwwroot/Pyramid/Component/HttpFoundation/RedirectResponse.php)
2017-06-19T21:36:16+08:00 [WARN] Warning Declaration of Pyramid\Component\HttpFoundation\RedirectResponse::create($url, $time = 0, $content = '', $headers = Array) should be compatible with Pyramid\Component\HttpFoundation\Response::create($content = '', $status = 200, $headers = Array, $statusText = NULL) (at line 11 in file /home/wwwroot/Pyramid/Component/HttpFoundation/RedirectResponse.php)
2017-06-19T21:36:21+08:00 [WARN] Warning Declaration of Pyramid\Component\HttpFoundation\RedirectResponse::create($url, $time = 0, $content = '', $headers = Array) should be compatible with Pyramid\Component\HttpFoundation\Response::create($content = '', $status = 200, $headers = Array, $statusText = NULL) (at line 11 in file /home/wwwroot/Pyramid/Component/HttpFoundation/RedirectResponse.php)
2017-06-19T21:36:24+08:00 [WARN] Warning Declaration of Pyramid\Component\HttpFoundation\RedirectResponse::create($url, $time = 0, $content = '', $headers = Array) should be compatible with Pyramid\Component\HttpFoundation\Response::create($content = '', $status = 200, $headers = Array, $statusText = NULL) (at line 11 in file /home/wwwroot/Pyramid/Component/HttpFoundation/RedirectResponse.php)
2017-06-19T21:36:29+08:00 [WARN] Warning Declaration of Pyramid\Component\HttpFoundation\RedirectResponse::create($url, $time = 0, $content = '', $headers = Array) should be compatible with Pyramid\Component\HttpFoundation\Response::create($content = '', $status = 200, $headers = Array, $statusText = NULL) (at line 11 in file /home/wwwroot/Pyramid/Component/HttpFoundation/RedirectResponse.php)
2017-06-19T21:36:34+08:00 [WARN] Warning Declaration of Pyramid\Component\HttpFoundation\RedirectResponse::create($url, $time = 0, $content = '', $headers = Array) should be compatible with Pyramid\Component\HttpFoundation\Response::create($content = '', $status = 200, $headers = Array, $statusText = NULL) (at line 11 in file /home/wwwroot/Pyramid/Component/HttpFoundation/RedirectResponse.php)
