2016-01-25T11:12:16+08:00 [DEBUG] Request Route uri is: /wechat/unsubscribe
2016-01-25T11:12:16+08:00 [DEBUG] current openid:
2016-01-25T11:12:19+08:00 [DEBUG] Request Route uri is: /wechat/unsubscribe
2016-01-25T11:12:19+08:00 [DEBUG] current openid:
2016-01-25T11:12:19+08:00 [DEBUG] Request Route uri is: /wechat/unsubscribe
2016-01-25T11:12:19+08:00 [DEBUG] current openid:
2016-01-25T11:12:20+08:00 [DEBUG] Request Route uri is: /wechat/unsubscribe
2016-01-25T11:12:20+08:00 [DEBUG] current openid:
2016-01-25T11:12:45+08:00 [DEBUG] Request Route uri is: /wechat/unsubscribe
2016-01-25T11:14:15+08:00 [DEBUG] Request Route uri is: /wechat/unsubscribe
2016-01-25T11:14:21+08:00 [DEBUG] Request Route uri is: /wechat/unsubscribe
2016-01-25T11:14:21+08:00 [DEBUG] Request Route uri is: /wechat/unsubscribe
2016-01-25T12:21:34+08:00 [DEBUG] Request Route uri is: /wechat/test
2016-01-25T12:24:55+08:00 [DEBUG] Request Route uri is: /wechat/test
2016-01-25T12:24:57+08:00 [DEBUG] Request Route uri is: /wechat/test
2016-01-25T13:48:06+08:00 [DEBUG] Request Route uri is: /wechat/test/post
2016-01-25T13:48:06+08:00 [DEBUG] ok authen :NULL
2016-01-25T13:48:06+08:00 [DEBUG] post data:array (
)
2016-01-25T13:48:43+08:00 [DEBUG] Request Route uri is: /wechat/test/post
2016-01-25T13:48:43+08:00 [DEBUG] post data:array (
)
2016-01-25T13:49:25+08:00 [DEBUG] Request Route uri is: /wechat/test
2016-01-25T13:49:29+08:00 [DEBUG] Request Route uri is: /wechat/test/post
2016-01-25T13:49:29+08:00 [DEBUG] post data:array (
  'name' => '1',
  'password' => '2',
  'username' => '3',
)
2016-01-25T13:49:29+08:00 [DEBUG] Request Route uri is: /wechat/test
2016-01-25T13:50:03+08:00 [DEBUG] Request Route uri is: /wechat/test
2016-01-25T13:50:04+08:00 [DEBUG] Request Route uri is: /wechat/test
2016-01-25T13:50:05+08:00 [DEBUG] Request Route uri is: /wechat/test
2016-01-25T13:50:05+08:00 [DEBUG] Request Route uri is: /wechat/test
2016-01-25T13:50:09+08:00 [DEBUG] Request Route uri is: /wechat/test/post
2016-01-25T13:50:09+08:00 [DEBUG] post data:array (
  'name' => '5',
  'password' => '4',
  'username' => '3',
)
2016-01-25T13:50:16+08:00 [DEBUG] Request Route uri is: /wechat/test
2016-01-25T13:54:53+08:00 [DEBUG] Request Route uri is: /wechat/test
2016-01-25T16:17:40+08:00 [DEBUG] Request Route uri is: /wechat/test
